"C:/Users/Jeffry/Documents/Unreal Projects/DTF/DTF.uproject" 1
"../../../Engine/Plugins/2D/Paper2D/Paper2D.uplugin" 2
"../../../Engine/Plugins/Blendables/LightPropagationVolume/LightPropagationVolume.uplugin" 3
"../../../Engine/Plugins/Developer/BlankPlugin/BlankPlugin.uplugin" 4
"../../../Engine/Plugins/Developer/CodeLiteSourceCodeAccess/CodeLiteSourceCodeAccess.uplugin" 5
"../../../Engine/Plugins/Developer/GitSourceControl/GitSourceControl.uplugin" 6
"../../../Engine/Plugins/Developer/KDevelopSourceCodeAccess/KDevelopSourceCodeAccess.uplugin" 7
"../../../Engine/Plugins/Developer/NullSourceCodeAccess/NullSourceCodeAccess.uplugin" 8
"../../../Engine/Plugins/Developer/OneSkyLocalizationService/OneSkyLocalizationService.uplugin" 9
"../../../Engine/Plugins/Developer/PerforceSourceControl/PerforceSourceControl.uplugin" 10
"../../../Engine/Plugins/Developer/SubversionSourceControl/SubversionSourceControl.uplugin" 11
"../../../Engine/Plugins/Developer/UObjectPlugin/UObjectPlugin.uplugin" 12
"../../../Engine/Plugins/Developer/VisualStudioSourceCodeAccess/VisualStudioSourceCodeAccess.uplugin" 13
"../../../Engine/Plugins/Developer/XCodeSourceCodeAccess/XCodeSourceCodeAccess.uplugin" 14
"../../../Engine/Plugins/Editor/EpicSurvey/EpicSurvey.uplugin" 15
"../../../Engine/Plugins/Editor/MacGraphicsSwitching/MacGraphicsSwitching.uplugin" 16
"../../../Engine/Plugins/Editor/PluginBrowser/PluginBrowser.uplugin" 17
"../../../Engine/Plugins/Editor/SpeedTreeImporter/SpeedTreeImporter.uplugin" 18
"../../../Engine/Plugins/Experimental/BlueprintStats/BlueprintStats.uplugin" 19
"../../../Engine/Plugins/Experimental/CharacterAI/CharacterAI.uplugin" 20
"../../../Engine/Plugins/Experimental/CodeEditor/CodeEditor.uplugin" 21
"../../../Engine/Plugins/Experimental/CodeView/CodeView.uplugin" 22
"../../../Engine/Plugins/Experimental/HTML5Networking/HTML5Networking.uplugin" 23
"../../../Engine/Plugins/Experimental/LiveEditor/LiveEditor.uplugin" 24
"../../../Engine/Plugins/Experimental/Phya/Phya.uplugin" 25
"../../../Engine/Plugins/Experimental/SimpleHMD/SimpleHMD.uplugin" 26
"../../../Engine/Plugins/Experimental/StructBox/StructBox.uplugin" 27
"../../../Engine/Plugins/Media/AndroidMedia/AndroidMedia.uplugin" 28
"../../../Engine/Plugins/Media/AvfMedia/AvfMedia.uplugin" 29
"../../../Engine/Plugins/Media/MediaPlayerEditor/MediaPlayerEditor.uplugin" 30
"../../../Engine/Plugins/Media/WmfMedia/WmfMedia.uplugin" 31
"../../../Engine/Plugins/Messaging/MessagingDebugger/MessagingDebugger.uplugin" 32
"../../../Engine/Plugins/Messaging/UdpMessaging/UdpMessaging.uplugin" 33
"../../../Engine/Plugins/MovieScene/LevelSequenceEditor/LevelSequenceEditor.uplugin" 34
"../../../Engine/Plugins/NetcodeUnitTest/NetcodeUnitTest/NetcodeUnitTest.uplugin" 35
"../../../Engine/Plugins/NetcodeUnitTest/NUTUnrealEngine4/NUTUnrealEngine4.uplugin" 36
"../../../Engine/Plugins/Runtime/Advertising/IOSTapJoy/IOSTapJoy.uplugin" 37
"../../../Engine/Plugins/Runtime/Analytics/AnalyticsBlueprintLibrary/AnalyticsBlueprintLibrary.uplugin" 38
"../../../Engine/Plugins/Runtime/Analytics/AnalyticsMulticast/AnalyticsMulticast.uplugin" 39
"../../../Engine/Plugins/Runtime/Analytics/Apsalar/IOSApsalar/IOSApsalar.uplugin" 40
"../../../Engine/Plugins/Runtime/Analytics/FileLogging/FileLogging.uplugin" 41
"../../../Engine/Plugins/Runtime/Analytics/Flurry/IOSFlurry/IOSFlurry.uplugin" 42
"../../../Engine/Plugins/Runtime/AndroidDeviceProfileSelector/AndroidDeviceProfileSelector.uplugin" 43
"../../../Engine/Plugins/Runtime/AndroidMoviePlayer/AndroidMoviePlayer.uplugin" 44
"../../../Engine/Plugins/Runtime/AppleMoviePlayer/AppleMoviePlayer.uplugin" 45
"../../../Engine/Plugins/Runtime/ArchVisCharacter/ArchVisCharacter.uplugin" 46
"../../../Engine/Plugins/Runtime/CableComponent/CableComponent.uplugin" 47
"../../../Engine/Plugins/Runtime/CustomMeshComponent/CustomMeshComponent.uplugin" 48
"../../../Engine/Plugins/Runtime/ExampleDeviceProfileSelector/ExampleDeviceProfileSelector.uplugin" 49
"../../../Engine/Plugins/Runtime/GearVR/GearVR.uplugin" 50
"../../../Engine/Plugins/Runtime/IOSDeviceProfileSelector/IOSDeviceProfileSelector.uplugin" 51
"../../../Engine/Plugins/Runtime/LeapMotionController/LeapMotionController.uplugin" 52
"../../../Engine/Plugins/Runtime/LinuxDeviceProfileSelector/LinuxDeviceProfileSelector.uplugin" 53
"../../../Engine/Plugins/Runtime/LiveEditorListenServer/LiveEditorListenServer.uplugin" 54
"../../../Engine/Plugins/Runtime/OculusAudio/OculusAudio.uplugin" 55
"../../../Engine/Plugins/Runtime/OculusInput/OculusInput.uplugin" 56
"../../../Engine/Plugins/Runtime/OculusLibrary/OculusLibrary.uplugin" 57
"../../../Engine/Plugins/Runtime/OculusRift/OculusRift.uplugin" 58
"../../../Engine/Plugins/Runtime/ProceduralMeshComponent/ProceduralMeshComponent.uplugin" 59
"../../../Engine/Plugins/Runtime/SoundMod/SoundMod.uplugin" 60
"../../../Engine/Plugins/Runtime/SoundVisualizations/SoundVisualizations.uplugin" 61
"../../../Engine/Plugins/Runtime/Steam/SteamController/SteamController.uplugin" 62
"../../../Engine/Plugins/Runtime/Steam/SteamVR/SteamVR.uplugin" 63
"../../../Engine/Plugins/Runtime/WebBrowserWidget/WebBrowserWidget.uplugin" 64
"../../../Engine/Plugins/Runtime/WindowsDeviceProfileSelector/WindowsDeviceProfileSelector.uplugin" 65
"../../../Engine/Plugins/Runtime/WindowsMoviePlayer/WindowsMoviePlayer.uplugin" 66
"../../../Engine/Plugins/ScriptGeneratorPlugin/ScriptGeneratorPlugin.uplugin" 67
"../../../Engine/Plugins/ScriptPlugin/ScriptPlugin.uplugin" 68
"../../../Engine/Plugins/Slate/SlateRemote/SlateRemote.uplugin" 69
"..\..\..\Engine\Content\Internationalization\icudt53l\cnvalias.icu" 70
"..\..\..\Engine\Content\Internationalization\icudt53l\en_US_POSIX.res" 71
"..\..\..\Engine\Content\Internationalization\icudt53l\pool.res" 72
"..\..\..\Engine\Content\Internationalization\icudt53l\en_US.res" 73
"..\..\..\Engine\Content\Internationalization\icudt53l\en.res" 74
"..\..\..\Engine\Content\Internationalization\icudt53l\root.res" 75
"C:/Users/Jeffry/AppData/Local/UnrealEngine/4.10/Saved/Config/Windows/Manifest.ini" 76
"../../../Engine/Config/Base.ini" 77
"../../../Engine/Config/BaseEngine.ini" 78
"C:/Users/Jeffry/Documents/Unreal Projects/DTF/Config/DefaultEngine.ini" 79
"../../../Engine/Config/Windows/WindowsEngine.ini" 80
"C:/Users/Jeffry/Documents/Unreal Projects/DTF/Saved/Config/Windows/Engine.ini" 81
"../../../../../Users/Jeffry/Documents/Unreal Projects/DTF/Intermediate/Config/CoalescedSourceConfigs/Engine.ini" 82
"../../../Engine/Config/BaseGame.ini" 83
"C:/Users/Jeffry/Documents/Unreal Projects/DTF/Config/DefaultGame.ini" 84
"C:/Users/Jeffry/Documents/Unreal Projects/DTF/Saved/Config/Windows/Game.ini" 85
"../../../../../Users/Jeffry/Documents/Unreal Projects/DTF/Intermediate/Config/CoalescedSourceConfigs/Game.ini" 86
"../../../Engine/Config/BaseInput.ini" 87
"C:/Users/Jeffry/Documents/Unreal Projects/DTF/Config/DefaultInput.ini" 88
"C:/Users/Jeffry/Documents/Unreal Projects/DTF/Saved/Config/Windows/Input.ini" 89
"../../../../../Users/Jeffry/Documents/Unreal Projects/DTF/Intermediate/Config/CoalescedSourceConfigs/Input.ini" 90
"../../../Engine/Config/BaseEditor.ini" 91
"C:/Users/Jeffry/Documents/Unreal Projects/DTF/Config/DefaultEditor.ini" 92
"C:/Users/Jeffry/Documents/Unreal Projects/DTF/Saved/Config/Windows/Editor.ini" 93
"../../../../../Users/Jeffry/Documents/Unreal Projects/DTF/Intermediate/Config/CoalescedSourceConfigs/Editor.ini" 94
"../../../Engine/Config/BaseEditorPerProjectUserSettings.ini" 95
"C:/Users/Jeffry/Documents/Unreal Projects/DTF/Saved/Config/Windows/EditorPerProjectUserSettings.ini" 96
"../../../../../Users/Jeffry/Documents/Unreal Projects/DTF/Intermediate/Config/CoalescedSourceConfigs/EditorPerProjectUserSettings.ini" 97
"../../../Engine/Config/BaseEditorSettings.ini" 98
"C:/Users/Jeffry/AppData/Local/UnrealEngine/4.10/Saved/Config/Windows/EditorSettings.ini" 99
"../../../../../Users/Jeffry/Documents/Unreal Projects/DTF/Intermediate/Config/CoalescedSourceConfigs/EditorSettings.ini" 100
"../../../Engine/Config/BaseEditorLayout.ini" 101
"C:/Users/Jeffry/AppData/Local/UnrealEngine/4.10/Saved/Config/Windows/EditorLayout.ini" 102
"../../../../../Users/Jeffry/Documents/Unreal Projects/DTF/Intermediate/Config/CoalescedSourceConfigs/EditorLayout.ini" 103
"../../../Engine/Config/BaseEditorKeyBindings.ini" 104
"C:/Users/Jeffry/AppData/Local/UnrealEngine/4.10/Saved/Config/Windows/EditorKeyBindings.ini" 105
"../../../../../Users/Jeffry/Documents/Unreal Projects/DTF/Intermediate/Config/CoalescedSourceConfigs/EditorKeyBindings.ini" 106
"../../../Engine/Config/BaseCompat.ini" 107
"C:/Users/Jeffry/Documents/Unreal Projects/DTF/Saved/Config/Windows/Compat.ini" 108
"../../../../../Users/Jeffry/Documents/Unreal Projects/DTF/Intermediate/Config/CoalescedSourceConfigs/Compat.ini" 109
"../../../Engine/Config/BaseLightmass.ini" 110
"C:/Users/Jeffry/Documents/Unreal Projects/DTF/Saved/Config/Windows/Lightmass.ini" 111
"../../../../../Users/Jeffry/Documents/Unreal Projects/DTF/Intermediate/Config/CoalescedSourceConfigs/Lightmass.ini" 112
"../../../Engine/Config/BaseScalability.ini" 113
"C:/Users/Jeffry/Documents/Unreal Projects/DTF/Saved/Config/Windows/Scalability.ini" 114
"../../../../../Users/Jeffry/Documents/Unreal Projects/DTF/Intermediate/Config/CoalescedSourceConfigs/Scalability.ini" 115
"C:/Users/Jeffry/Documents/Unreal Projects/DTF/Saved/Config/Windows/GameUserSettings.ini" 116
"../../../../../Users/Jeffry/Documents/Unreal Projects/DTF/Intermediate/Config/CoalescedSourceConfigs/GameUserSettings.ini" 117
"../../../Engine/Config/BaseDeviceProfiles.ini" 118
"C:/Users/Jeffry/Documents/Unreal Projects/DTF/Saved/Config/Windows/DeviceProfiles.ini" 119
"../../../../../Users/Jeffry/Documents/Unreal Projects/DTF/Intermediate/Config/CoalescedSourceConfigs/DeviceProfiles.ini" 120
"../../../Engine/Config/ConsoleVariables.ini" 121
"..\..\..\Engine\Content\Internationalization\icudt53l\es.res" 122
"..\..\..\Engine\Content\Internationalization\icudt53l\ja.res" 123
"..\..\..\Engine\Content\Internationalization\icudt53l\ko.res" 124
"..\..\..\Engine\Content\Internationalization\icudt53l\pt_BR.res" 125
"..\..\..\Engine\Content\Internationalization\icudt53l\pt.res" 126
"..\..\..\Engine\Content\Internationalization\icudt53l\zh_CN.res" 127
"..\..\..\Engine\Content\Internationalization\icudt53l\zh_Hans_CN.res" 128
"..\..\..\Engine\Content\Internationalization\icudt53l\zh_Hans.res" 129
"..\..\..\Engine\Content\Internationalization\icudt53l\zh.res" 130
"C:/Epic Games/4.10/Engine/Content/Localization/Editor/en/Editor.locres" 131
"C:/Epic Games/4.10/Engine/Content/Localization/EditorTutorials/en/EditorTutorials.locres" 132
"C:/Epic Games/4.10/Engine/Content/Localization/Keywords/en/Keywords.locres" 133
"C:/Epic Games/4.10/Engine/Content/Localization/Category/en/Category.locres" 134
"C:/Epic Games/4.10/Engine/Content/Localization/ToolTips/en/ToolTips.locres" 135
"C:/Epic Games/4.10/Engine/Content/Localization/PropertyNames/en/PropertyNames.locres" 136
"C:/Epic Games/4.10/Engine/Content/Localization/Engine/en/Engine.locres" 137
"../../../Engine/Content/Slate/Fonts/Roboto-Regular.ttf" 138
"../../../Engine/Content/Slate/Fonts/DroidSansMono.ttf" 139
"../../../Engine/Content/Slate/Fonts/Roboto-Bold.ttf" 140
"../../../Engine/Content/Slate/Fonts/Roboto-Light.ttf" 141
"C:/Epic Games/4.10/Engine/Binaries/Win64/../../../Engine/Shaders/ParticleSpriteVertexFactory.usf" 142
"C:/Epic Games/4.10/Engine/Binaries/Win64/../../../Engine/Shaders/VertexFactoryCommon.usf" 143
"C:/Epic Games/4.10/Engine/Binaries/Win64/../../../Engine/Shaders/Common.usf" 144
"C:/Epic Games/4.10/Engine/Binaries/Win64/../../../Engine/Shaders/MetalCommon.usf" 145
"C:/Epic Games/4.10/Engine/Binaries/Win64/../../../Engine/Shaders/ShaderVersion.usf" 146
"C:/Epic Games/4.10/Engine/Binaries/Win64/../../../Engine/Shaders/CommonViewUniformBuffer.usf" 147
"C:/Epic Games/4.10/Engine/Binaries/Win64/../../../Engine/Shaders/Definitions.usf" 148
"C:/Epic Games/4.10/Engine/Binaries/Win64/../../../Engine/Shaders/Random.usf" 149
"C:/Epic Games/4.10/Engine/Binaries/Win64/../../../Engine/Shaders/ParticleVertexFactoryCommon.usf" 150
"C:/Epic Games/4.10/Engine/Binaries/Win64/../../../Engine/Shaders/ParticleGPUSpriteVertexFactory.usf" 151
"C:/Epic Games/4.10/Engine/Binaries/Win64/../../../Engine/Shaders/ParticleBeamTrailVertexFactory.usf" 152
"C:/Epic Games/4.10/Engine/Binaries/Win64/../../../Engine/Shaders/LocalVertexFactory.usf" 153
"C:/Epic Games/4.10/Engine/Binaries/Win64/../../../Engine/Shaders/LocalVertexFactoryCommon.usf" 154
"C:/Epic Games/4.10/Engine/Binaries/Win64/../../../Engine/Shaders/VectorFieldVisualizationVertexFactory.usf" 155
"C:/Epic Games/4.10/Engine/Binaries/Win64/../../../Engine/Shaders/MeshParticleVertexFactory.usf" 156
"C:/Epic Games/4.10/Engine/Binaries/Win64/../../../Engine/Shaders/GpuSkinVertexFactory.usf" 157
"C:/Epic Games/4.10/Engine/Binaries/Win64/../../../Engine/Shaders/GpuSkinCacheCommon.usf" 158
"C:/Epic Games/4.10/Engine/Binaries/Win64/../../../Engine/Shaders/LandscapeVertexFactory.usf" 159
"C:/Epic Games/4.10/Engine/Binaries/Win64/../../../Engine/Shaders/SlateElementPixelShader.usf" 160
"C:/Epic Games/4.10/Engine/Binaries/Win64/../../../Engine/Shaders/GammaCorrectionCommon.usf" 161
"C:/Epic Games/4.10/Engine/Binaries/Win64/../../../Engine/Shaders/MaterialTemplate.usf" 162
"C:/Epic Games/4.10/Engine/Binaries/Win64/../../../Engine/Shaders/DepthOfFieldCommon.usf" 163
"C:/Epic Games/4.10/Engine/Binaries/Win64/../../../Engine/Shaders/GlobalDistanceFieldShared.usf" 164
"C:/Epic Games/4.10/Engine/Binaries/Win64/../../../Engine/Shaders/SpeedTreeCommon.usf" 165
"C:/Epic Games/4.10/Engine/Binaries/Win64/../../../Engine/Shaders/AtmosphereCommon.usf" 166
"C:/Epic Games/4.10/Engine/Binaries/Win64/../../../Engine/Shaders/PaniniProjection.usf" 167
"C:/Epic Games/4.10/Engine/Binaries/Win64/../../../Engine/Shaders/EyeAdaptationCommon.usf" 168
"C:/Epic Games/4.10/Engine/Binaries/Win64/../../../Engine/Shaders/PostProcessCommon.usf" 169
"C:/Epic Games/4.10/Engine/Binaries/Win64/../../../Engine/Shaders/DeferredShadingCommon.usf" 170
"C:/Epic Games/4.10/Engine/Binaries/Win64/../../../Engine/Shaders/LightAccumulator.usf" 171
"C:/Epic Games/4.10/Engine/Binaries/Win64/../../../Engine/Shaders/SlateVertexShader.usf" 172
"C:/Epic Games/4.10/Engine/Binaries/Win64/../../../Engine/Shaders/ParticleSortKeyGen.usf" 173
"C:/Epic Games/4.10/Engine/Binaries/Win64/../../../Engine/Shaders/ParticleBoundsShader.usf" 174
"C:/Epic Games/4.10/Engine/Binaries/Win64/../../../Engine/Shaders/ParticleSimVisualizeShader.usf" 175
"C:/Epic Games/4.10/Engine/Binaries/Win64/../../../Engine/Shaders/ParticleInjectionShader.usf" 176
"C:/Epic Games/4.10/Engine/Binaries/Win64/../../../Engine/Shaders/ParticleSimulationShader.usf" 177
"C:/Epic Games/4.10/Engine/Binaries/Win64/../../../Engine/Shaders/ParticleCurveInjectionShader.usf" 178
"C:/Epic Games/4.10/Engine/Binaries/Win64/../../../Engine/Shaders/VectorFieldCompositeShaders.usf" 179
"C:/Epic Games/4.10/Engine/Binaries/Win64/../../../Engine/Shaders/UpdateTextureShaders.usf" 180
"C:/Epic Games/4.10/Engine/Binaries/Win64/../../../Engine/Shaders/SimpleElementColorChannelMaskPixelShader.usf" 181
"C:/Epic Games/4.10/Engine/Binaries/Win64/../../../Engine/Shaders/SimpleElementPixelShader.usf" 182
"C:/Epic Games/4.10/Engine/Binaries/Win64/../../../Engine/Shaders/ColorUtils.usf" 183
"C:/Epic Games/4.10/Engine/Binaries/Win64/../../../Engine/Shaders/IESLightProfilesCommon.usf" 184
"C:/Epic Games/4.10/Engine/Binaries/Win64/../../../Engine/Shaders/SimpleElementHitProxyPixelShader.usf" 185
"C:/Epic Games/4.10/Engine/Binaries/Win64/../../../Engine/Shaders/SimpleElementVertexShader.usf" 186
"C:/Epic Games/4.10/Engine/Binaries/Win64/../../../Engine/Shaders/ScreenVertexShader.usf" 187
"C:/Epic Games/4.10/Engine/Binaries/Win64/../../../Engine/Shaders/ScreenPixelShader.usf" 188
"C:/Epic Games/4.10/Engine/Binaries/Win64/../../../Engine/Shaders/RadixSortShaders.usf" 189
"C:/Epic Games/4.10/Engine/Binaries/Win64/../../../Engine/Shaders/GpuSkinCacheComputeShader.usf" 190
"C:/Epic Games/4.10/Engine/Binaries/Win64/../../../Engine/Shaders/NullPixelShader.usf" 191
"C:/Epic Games/4.10/Engine/Binaries/Win64/../../../Engine/Shaders/LandscapeGrassWeight.usf" 192
"C:/Epic Games/4.10/Engine/Binaries/Win64/../../../Engine/Shaders/VisualizeTexture.usf" 193
"C:/Epic Games/4.10/Engine/Binaries/Win64/../../../Engine/Shaders/ScreenSpaceReflections.usf" 194
"C:/Epic Games/4.10/Engine/Binaries/Win64/../../../Engine/Shaders/BRDF.usf" 195
"C:/Epic Games/4.10/Engine/Binaries/Win64/../../../Engine/Shaders/MonteCarlo.usf" 196
"C:/Epic Games/4.10/Engine/Binaries/Win64/../../../Engine/Shaders/ScreenSpaceRayCast.usf" 197
"C:/Epic Games/4.10/Engine/Binaries/Win64/../../../Engine/Shaders/FilterVertexShader.usf" 198
"C:/Epic Games/4.10/Engine/Binaries/Win64/../../../Engine/Shaders/FilterPixelShader.usf" 199
"C:/Epic Games/4.10/Engine/Binaries/Win64/../../../Engine/Shaders/PostProcessVisualizeHDR.usf" 200
"C:/Epic Games/4.10/Engine/Binaries/Win64/../../../Engine/Shaders/PostProcessHistogramCommon.usf" 201
"C:/Epic Games/4.10/Engine/Binaries/Win64/../../../Engine/Shaders/TonemapCommon.usf" 202
"C:/Epic Games/4.10/Engine/Binaries/Win64/../../../Engine/Shaders/ACES.usf" 203
"C:/Epic Games/4.10/Engine/Binaries/Win64/../../../Engine/Shaders/MiniFontCommon.usf" 204
"C:/Epic Games/4.10/Engine/Binaries/Win64/../../../Engine/Shaders/PostProcessVisualizeBuffer.usf" 205
"C:/Epic Games/4.10/Engine/Binaries/Win64/../../../Engine/Shaders/PostProcessUpscale.usf" 206
"C:/Epic Games/4.10/Engine/Binaries/Win64/../../../Engine/Shaders/PostProcessTonemap.usf" 207
"C:/Epic Games/4.10/Engine/Binaries/Win64/../../../Engine/Shaders/PostProcessTestImage.usf" 208
"C:/Epic Games/4.10/Engine/Binaries/Win64/../../../Engine/Shaders/PostProcessTemporalAA.usf" 209
"C:/Epic Games/4.10/Engine/Binaries/Win64/../../../Engine/Shaders/PostProcessTemporalCommon.usf" 210
"C:/Epic Games/4.10/Engine/Binaries/Win64/../../../Engine/Shaders/PostProcessSubsurface.usf" 211
"C:/Epic Games/4.10/Engine/Binaries/Win64/../../../Engine/Shaders/SeparableSSS.usf" 212
"C:/Epic Games/4.10/Engine/Binaries/Win64/../../../Engine/Shaders/PostProcessSelectionOutline.usf" 213
"C:/Epic Games/4.10/Engine/Binaries/Win64/../../../Engine/Shaders/PostProcessSceneColorFringe.usf" 214
"C:/Epic Games/4.10/Engine/Binaries/Win64/../../../Engine/Shaders/PostProcessNoiseBlur.usf" 215
"C:/Epic Games/4.10/Engine/Binaries/Win64/../../../Engine/Shaders/PostProcessMotionBlur.usf" 216
"C:/Epic Games/4.10/Engine/Binaries/Win64/../../../Engine/Shaders/FastMath.usf" 217
"C:/Epic Games/4.10/Engine/Binaries/Win64/../../../Engine/Shaders/PostProcessVelocityFlatten.usf" 218
"C:/Epic Games/4.10/Engine/Binaries/Win64/../../../Engine/Shaders/PostProcessMobile.usf" 219
"C:/Epic Games/4.10/Engine/Binaries/Win64/../../../Engine/Shaders/PostProcessMaterialShaders.usf" 220
"C:/Epic Games/4.10/Engine/Binaries/Win64/../../../Engine/Shaders/PostProcessLensFlares.usf" 221
"C:/Epic Games/4.10/Engine/Binaries/Win64/../../../Engine/Shaders/PostProcessLensBlur.usf" 222
"C:/Epic Games/4.10/Engine/Binaries/Win64/../../../Engine/Shaders/PostProcessBloom.usf" 223
"C:/Epic Games/4.10/Engine/Binaries/Win64/../../../Engine/Shaders/PostProcessHMD.usf" 224
"C:/Epic Games/4.10/Engine/Binaries/Win64/../../../Engine/Shaders/PostProcessHistogramReduce.usf" 225
"C:/Epic Games/4.10/Engine/Binaries/Win64/../../../Engine/Shaders/PostProcessHistogram.usf" 226
"C:/Epic Games/4.10/Engine/Binaries/Win64/../../../Engine/Shaders/PostProcessHierarchical.usf" 227
"C:/Epic Games/4.10/Engine/Binaries/Win64/../../../Engine/Shaders/PostProcessGBufferHints.usf" 228
"C:/Epic Games/4.10/Engine/Binaries/Win64/../../../Engine/Shaders/PostProcessEyeAdaptation.usf" 229
"C:/Epic Games/4.10/Engine/Binaries/Win64/../../../Engine/Shaders/PostProcessDownsample.usf" 230
"C:/Epic Games/4.10/Engine/Binaries/Win64/../../../Engine/Shaders/PostProcessDOF.usf" 231
"C:/Epic Games/4.10/Engine/Binaries/Win64/../../../Engine/Shaders/PostProcessCompositeEditorPrimitives.usf" 232
"C:/Epic Games/4.10/Engine/Binaries/Win64/../../../Engine/Shaders/PostProcessCombineLUTs.usf" 233
"C:/Epic Games/4.10/Engine/Binaries/Win64/../../../Engine/Shaders/PostProcessCircleDOF.usf" 234
"C:/Epic Games/4.10/Engine/Binaries/Win64/../../../Engine/Shaders/CircleDOFCommon.usf" 235
"C:/Epic Games/4.10/Engine/Binaries/Win64/../../../Engine/Shaders/PostProcessBusyWait.usf" 236
"C:/Epic Games/4.10/Engine/Binaries/Win64/../../../Engine/Shaders/PostProcessBokehDOF.usf" 237
"C:/Epic Games/4.10/Engine/Binaries/Win64/../../../Engine/Shaders/PostProcessVisualizeDOF.usf" 238
"C:/Epic Games/4.10/Engine/Binaries/Win64/../../../Engine/Shaders/FXAAShader.usf" 239
"C:/Epic Games/4.10/Engine/Binaries/Win64/../../../Engine/Shaders/Fxaa3_11.usf" 240
"C:/Epic Games/4.10/Engine/Binaries/Win64/../../../Engine/Shaders/PostProcessPassThrough.usf" 241
"C:/Epic Games/4.10/Engine/Binaries/Win64/../../../Engine/Shaders/PostProcessLpvIndirect.usf" 242
"C:/Epic Games/4.10/Engine/Binaries/Win64/../../../Engine/Shaders/DeferredLightingCommon.usf" 243
"C:/Epic Games/4.10/Engine/Binaries/Win64/../../../Engine/Shaders/DynamicLightingCommon.usf" 244
"C:/Epic Games/4.10/Engine/Binaries/Win64/../../../Engine/Shaders/ShadingModels.usf" 245
"C:/Epic Games/4.10/Engine/Binaries/Win64/../../../Engine/Shaders/LPVFinalPass.usf" 246
"C:/Epic Games/4.10/Engine/Binaries/Win64/../../../Engine/Shaders/LPVCommon.usf" 247
"C:/Epic Games/4.10/Engine/Binaries/Win64/../../../Engine/Shaders/DeferredDecal.usf" 248
"C:/Epic Games/4.10/Engine/Binaries/Win64/../../../Engine/Shaders/PostProcessAmbientOcclusion.usf" 249
"C:/Epic Games/4.10/Engine/Binaries/Win64/../../../Engine/Shaders/PostProcessAmbient.usf" 250
"C:/Epic Games/4.10/Engine/Binaries/Win64/../../../Engine/Shaders/CubemapCommon.usf" 251
"C:/Epic Games/4.10/Engine/Binaries/Win64/../../../Engine/Shaders/VelocityShader.usf" 252
"C:/Epic Games/4.10/Engine/Binaries/Win64/../../../Engine/Shaders/VelocityCommon.usf" 253
"C:/Epic Games/4.10/Engine/Binaries/Win64/../../../Engine/Shaders/Tessellation.usf" 254
"C:/Epic Games/4.10/Engine/Binaries/Win64/../../../Engine/Shaders/FlatTessellation.usf" 255
"C:/Epic Games/4.10/Engine/Binaries/Win64/../../../Engine/Shaders/PNTriangles.usf" 256
"C:/Epic Games/4.10/Engine/Binaries/Win64/../../../Engine/Shaders/TranslucentLightingShaders.usf" 257
"C:/Epic Games/4.10/Engine/Binaries/Win64/../../../Engine/Shaders/SHCommon.usf" 258
"C:/Epic Games/4.10/Engine/Binaries/Win64/../../../Engine/Shaders/ShadowProjectionCommon.usf" 259
"C:/Epic Games/4.10/Engine/Binaries/Win64/../../../Engine/Shaders/TranslucentLightInjectionShaders.usf" 260
"C:/Epic Games/4.10/Engine/Binaries/Win64/../../../Engine/Shaders/LightFunctionCommon.usf" 261
"C:/Epic Games/4.10/Engine/Binaries/Win64/../../../Engine/Shaders/TranslucentShadowDepthShaders.usf" 262
"C:/Epic Games/4.10/Engine/Binaries/Win64/../../../Engine/Shaders/ShadowDepthCommon.usf" 263
"C:/Epic Games/4.10/Engine/Binaries/Win64/../../../Engine/Shaders/TiledDeferredLightShaders.usf" 264
"C:/Epic Games/4.10/Engine/Binaries/Win64/../../../Engine/Shaders/SurfelTree.usf" 265
"C:/Epic Games/4.10/Engine/Binaries/Win64/../../../Engine/Shaders/DistanceFieldLightingShared.usf" 266
"C:/Epic Games/4.10/Engine/Binaries/Win64/../../../Engine/Shaders/SurfelMaterialShared.usf" 267
"C:/Epic Games/4.10/Engine/Binaries/Win64/../../../Engine/Shaders/DistanceFieldAOShared.usf" 268
"C:/Epic Games/4.10/Engine/Binaries/Win64/../../../Engine/Shaders/ShadowProjectionPixelShader.usf" 269
"C:/Epic Games/4.10/Engine/Binaries/Win64/../../../Engine/Shaders/ShadowFilteringCommon.usf" 270
"C:/Epic Games/4.10/Engine/Binaries/Win64/../../../Engine/Shaders/ShadowProjectionVertexShader.usf" 271
"C:/Epic Games/4.10/Engine/Binaries/Win64/../../../Engine/Shaders/ShadowDepthPixelShader.usf" 272
"C:/Epic Games/4.10/Engine/Binaries/Win64/../../../Engine/Shaders/LPVWriteVplCommon.usf" 273
"C:/Epic Games/4.10/Engine/Binaries/Win64/../../../Engine/Shaders/LPVWriteCommon.usf" 274
"C:/Epic Games/4.10/Engine/Binaries/Win64/../../../Engine/Shaders/ShadowDepthVertexShader.usf" 275
"C:/Epic Games/4.10/Engine/Binaries/Win64/../../../Engine/Shaders/ShaderComplexityApplyPixelShader.usf" 276
"C:/Epic Games/4.10/Engine/Binaries/Win64/../../../Engine/Shaders/ShaderComplexityApplyVertexShader.usf" 277
"C:/Epic Games/4.10/Engine/Binaries/Win64/../../../Engine/Shaders/ShaderComplexityAccumulatePixelShader.usf" 278
"C:/Epic Games/4.10/Engine/Binaries/Win64/../../../Engine/Shaders/HZBOcclusion.usf" 279
"C:/Epic Games/4.10/Engine/Binaries/Win64/../../../Engine/Shaders/OcclusionQueryVertexShader.usf" 280
"C:/Epic Games/4.10/Engine/Binaries/Win64/../../../Engine/Shaders/HitProxyPixelShader.usf" 281
"C:/Epic Games/4.10/Engine/Binaries/Win64/../../../Engine/Shaders/HitProxyVertexShader.usf" 282
"C:/Epic Games/4.10/Engine/Binaries/Win64/../../../Engine/Shaders/ReflectionEnvironmentShaders.usf" 283
"C:/Epic Games/4.10/Engine/Binaries/Win64/../../../Engine/Shaders/ReflectionEnvironmentShared.usf" 284
"C:/Epic Games/4.10/Engine/Binaries/Win64/../../../Engine/Shaders/SkyLightingShared.usf" 285
"C:/Epic Games/4.10/Engine/Binaries/Win64/../../../Engine/Shaders/ReflectionEnvironmentComputeShaders.usf" 286
"C:/Epic Games/4.10/Engine/Binaries/Win64/../../../Engine/Shaders/LightShaftShader.usf" 287
"C:/Epic Games/4.10/Engine/Binaries/Win64/../../../Engine/Shaders/StationaryLightOverlapShaders.usf" 288
"C:/Epic Games/4.10/Engine/Binaries/Win64/../../../Engine/Shaders/DeferredLightPixelShaders.usf" 289
"C:/Epic Games/4.10/Engine/Binaries/Win64/../../../Engine/Shaders/DeferredLightVertexShaders.usf" 290
"C:/Epic Games/4.10/Engine/Binaries/Win64/../../../Engine/Shaders/LPVVisualise.usf" 291
"C:/Epic Games/4.10/Engine/Binaries/Win64/../../../Engine/Shaders/LPVGeometryVolumeCommon.usf" 292
"C:/Epic Games/4.10/Engine/Binaries/Win64/../../../Engine/Shaders/LPVDirectLightInject.usf" 293
"C:/Epic Games/4.10/Engine/Binaries/Win64/../../../Engine/Shaders/LPVPropagate.usf" 294
"C:/Epic Games/4.10/Engine/Binaries/Win64/../../../Engine/Shaders/LPVPacking.usf" 295
"C:/Epic Games/4.10/Engine/Binaries/Win64/../../../Engine/Shaders/LPVBuildGeometryVolume.usf" 296
"C:/Epic Games/4.10/Engine/Binaries/Win64/../../../Engine/Shaders/LpvDirectionalOcclusion.usf" 297
"C:/Epic Games/4.10/Engine/Binaries/Win64/../../../Engine/Shaders/LPVInject_AccumulateVplLists.usf" 298
"C:/Epic Games/4.10/Engine/Binaries/Win64/../../../Engine/Shaders/LPVInject_GenerateVplLists.usf" 299
"C:/Epic Games/4.10/Engine/Binaries/Win64/../../../Engine/Shaders/LPVClearLists.usf" 300
"C:/Epic Games/4.10/Engine/Binaries/Win64/../../../Engine/Shaders/LPVClear.usf" 301
"C:/Epic Games/4.10/Engine/Binaries/Win64/../../../Engine/Shaders/LightMapDensityShader.usf" 302
"C:/Epic Games/4.10/Engine/Binaries/Win64/../../../Engine/Shaders/LightFunctionPixelShader.usf" 303
"C:/Epic Games/4.10/Engine/Binaries/Win64/../../../Engine/Shaders/LightFunctionVertexShader.usf" 304
"C:/Epic Games/4.10/Engine/Binaries/Win64/../../../Engine/Shaders/HeightfieldLighting.usf" 305
"C:/Epic Games/4.10/Engine/Binaries/Win64/../../../Engine/Shaders/DistanceFieldShadowingShared.usf" 306
"C:/Epic Games/4.10/Engine/Binaries/Win64/../../../Engine/Shaders/HdrCustomResolveShaders.usf" 307
"C:/Epic Games/4.10/Engine/Binaries/Win64/../../../Engine/Shaders/GPUBenchmark.usf" 308
"C:/Epic Games/4.10/Engine/Binaries/Win64/../../../Engine/Shaders/GlobalDistanceField.usf" 309
"C:/Epic Games/4.10/Engine/Binaries/Win64/../../../Engine/Shaders/GammaCorrection.usf" 310
"C:/Epic Games/4.10/Engine/Binaries/Win64/../../../Engine/Shaders/BasePassForForwardShadingPixelShader.usf" 311
"C:/Epic Games/4.10/Engine/Binaries/Win64/../../../Engine/Shaders/BasePassForForwardShadingCommon.usf" 312
"C:/Epic Games/4.10/Engine/Binaries/Win64/../../../Engine/Shaders/LightmapCommon.usf" 313
"C:/Epic Games/4.10/Engine/Binaries/Win64/../../../Engine/Shaders/BasePassForForwardShadingVertexShader.usf" 314
"C:/Epic Games/4.10/Engine/Binaries/Win64/../../../Engine/Shaders/HeightFogCommon.usf" 315
"C:/Epic Games/4.10/Engine/Binaries/Win64/../../../Engine/Shaders/HeightFogPixelShader.usf" 316
"C:/Epic Games/4.10/Engine/Binaries/Win64/../../../Engine/Shaders/HeightFogVertexShader.usf" 317
"C:/Epic Games/4.10/Engine/Binaries/Win64/../../../Engine/Shaders/DistortAccumulatePS.usf" 318
"C:/Epic Games/4.10/Engine/Binaries/Win64/../../../Engine/Shaders/DistortAccumulateVS.usf" 319
"C:/Epic Games/4.10/Engine/Binaries/Win64/../../../Engine/Shaders/DistortApplyScreenPS.usf" 320
"C:/Epic Games/4.10/Engine/Binaries/Win64/../../../Engine/Shaders/DistanceFieldSurfaceCacheLighting.usf" 321
"C:/Epic Games/4.10/Engine/Binaries/Win64/../../../Engine/Shaders/SkyLighting.usf" 322
"C:/Epic Games/4.10/Engine/Binaries/Win64/../../../Engine/Shaders/DistanceFieldSurfaceCacheLightingCompute.usf" 323
"C:/Epic Games/4.10/Engine/Binaries/Win64/../../../Engine/Shaders/DistanceFieldShadowing.usf" 324
"C:/Epic Games/4.10/Engine/Binaries/Win64/../../../Engine/Shaders/DistanceFieldScreenGridLighting.usf" 325
"C:/Epic Games/4.10/Engine/Binaries/Win64/../../../Engine/Shaders/DistanceFieldLightingPost.usf" 326
"C:/Epic Games/4.10/Engine/Binaries/Win64/../../../Engine/Shaders/DistanceFieldGlobalIllumination.usf" 327
"C:/Epic Games/4.10/Engine/Binaries/Win64/../../../Engine/Shaders/DepthOnlyPixelShader.usf" 328
"C:/Epic Games/4.10/Engine/Binaries/Win64/../../../Engine/Shaders/DepthOnlyVertexShader.usf" 329
"C:/Epic Games/4.10/Engine/Binaries/Win64/../../../Engine/Shaders/PositionOnlyDepthVertexShader.usf" 330
"C:/Epic Games/4.10/Engine/Binaries/Win64/../../../Engine/Shaders/DownsampleDepthPixelShader.usf" 331
"C:/Epic Games/4.10/Engine/Binaries/Win64/../../../Engine/Shaders/EvaluateSurfelMaterial.usf" 332
"C:/Epic Games/4.10/Engine/Binaries/Win64/../../../Engine/Shaders/ConvertToUniformMesh.usf" 333
"C:/Epic Games/4.10/Engine/Binaries/Win64/../../../Engine/Shaders/BasePassPixelShader.usf" 334
"C:/Epic Games/4.10/Engine/Binaries/Win64/../../../Engine/Shaders/BasePassCommon.usf" 335
"C:/Epic Games/4.10/Engine/Binaries/Win64/../../../Engine/Shaders/ForEachLight.usf" 336
"C:/Epic Games/4.10/Engine/Binaries/Win64/../../../Engine/Shaders/BasePassVertexShader.usf" 337
"C:/Epic Games/4.10/Engine/Binaries/Win64/../../../Engine/Shaders/BasePassVertexCommon.usf" 338
"C:/Epic Games/4.10/Engine/Binaries/Win64/../../../Engine/Shaders/BasePassTessellationShaders.usf" 339
"C:/Epic Games/4.10/Engine/Binaries/Win64/../../../Engine/Shaders/AtmospherePrecompute.usf" 340
"C:/Epic Games/4.10/Engine/Binaries/Win64/../../../Engine/Shaders/AtmospherePrecomputeCommon.usf" 341
"C:/Epic Games/4.10/Engine/Binaries/Win64/../../../Engine/Shaders/AtmospherePrecomputeInscatter.usf" 342
"C:/Epic Games/4.10/Engine/Binaries/Win64/../../../Engine/Shaders/AtmosphericFogShader.usf" 343
"C:/Epic Games/4.10/Engine/Binaries/Win64/../../../Engine/Shaders/ResolveVertexShader.usf" 344
"C:/Epic Games/4.10/Engine/Binaries/Win64/../../../Engine/Shaders/ResolvePixelShader.usf" 345
"C:/Epic Games/4.10/Engine/Binaries/Win64/../../../Engine/Shaders/OneColorShader.usf" 346
"C:/Epic Games/4.10/Engine/Binaries/Win64/../../../Engine/Shaders/MediaShaders.usf" 347
"C:/Epic Games/4.10/Engine/Binaries/Win64/../../../Engine/Shaders/ClearReplacementShaders.usf" 348
"C:/Epic Games/4.10/Engine/Binaries/Win64/../../../Engine/Shaders/SimpleElementTexture2DPreviewPixelShader.usf" 349
"C:/Epic Games/4.10/Engine/Binaries/Win64/../../../Engine/Shaders/SimpleElementNormalMapPixelShader.usf" 350
"C:/Epic Games/4.10/Engine/Binaries/Win64/../../../Engine/Shaders/meshpaintdilatepixelshader.usf" 351
"C:/Epic Games/4.10/Engine/Binaries/Win64/../../../Engine/Shaders/meshpaintdilatevertexshader.usf" 352
"C:/Epic Games/4.10/Engine/Binaries/Win64/../../../Engine/Shaders/MeshPaintPixelShader.usf" 353
"C:/Epic Games/4.10/Engine/Binaries/Win64/../../../Engine/Shaders/MeshPaintVertexShader.usf" 354
"../../../Engine/Config/Android/AndroidEngine.ini" 355
"../../../Engine/Config/IOS/IOSEngine.ini" 356
"../../../Engine/Config/Linux/LinuxEngine.ini" 357
"C:/Users/Jeffry/AppData/Local/UnrealEngine/4.10/DerivedDataCache/Boot.ddc" 358
"../../../Engine/DerivedDataCache/Compressed.ddp" 359
"../../../Engine/Content/EngineFonts/Roboto.uasset" 360
"../../../Engine/Content/EngineMaterials/Widget3DPassThrough_Translucent.uasset" 361
"../../../Engine/Content/EngineMaterials/Widget3DPassThrough.uasset" 362
"../../../Engine/Content/Functions/Engine_MaterialFunctions02/Texturing/ScreenAlignedUVs.uasset" 363
"../../../Engine/Content/EngineResources/WhiteSquareTexture.uasset" 364
"../../../Engine/Content/Functions/Engine_MaterialFunctions01/Shading/PowerToRoughness.uasset" 365
"../../../Engine/Content/Functions/Engine_MaterialFunctions01/Shading/ConvertFromDiffSpec.uasset" 366
"../../../Engine/Content/EngineMaterials/WorldGridMaterial.uasset" 367
"../../../Engine/Content/Functions/Engine_MaterialFunctions01/Opacity/CameraDepthFade.uasset" 368
"../../../Engine/Content/EngineMaterials/T_Default_Material_Grid_M.uasset" 369
"../../../Engine/Content/EngineMaterials/T_Default_Material_Grid_N.uasset" 370
"../../../Engine/Content/EngineMaterials/DefaultDeferredDecalMaterial.uasset" 371
"../../../Engine/Content/EngineMaterials/DefaultDiffuse.uasset" 372
"../../../Engine/Content/EngineMaterials/DefaultLightFunctionMaterial.uasset" 373
"../../../Engine/Content/EngineMaterials/DefaultPostProcessMaterial.uasset" 374
"../../../Engine/Content/Functions/Engine_MaterialFunctions02/Utility/BreakOutFloat2Components.uasset" 375
"../../../Engine/Content/EngineResources/DefaultTexture.uasset" 376
"../../../Engine/Content/EngineMaterials/Widget3DPassThrough_Translucent_OneSided.uasset" 377
"../../../Engine/Content/EngineMaterials/Widget3DPassThrough_Opaque.uasset" 378
"../../../Engine/Content/EngineMaterials/Widget3DPassThrough_Opaque_OneSided.uasset" 379
"../../../Engine/Content/EngineMaterials/Widget3DPassThrough_Masked.uasset" 380
"../../../Engine/Content/EngineMaterials/Widget3DPassThrough_Masked_OneSided.uasset" 381
"../../../Engine/Content/EditorResources/S_Actor.uasset" 382
"C:/Users/Jeffry/Documents/Unreal Projects/DTF/Saved/Config/Windows/TemplateDefs.ini" 383
"../../../../../Users/Jeffry/Documents/Unreal Projects/DTF/Intermediate/Config/CoalescedSourceConfigs/TemplateDefs.ini" 384
"C:/Users/Jeffry/Documents/Unreal Projects/DTF/Saved/Config/Windows/GameplayTags.ini" 385
"../../../../../Users/Jeffry/Documents/Unreal Projects/DTF/Intermediate/Config/CoalescedSourceConfigs/GameplayTags.ini" 386
"../../../Engine/Content/Maps/Templates/Thumbnails/Default.uasset" 387
"../../../Engine/Content/EditorMaterials/ParticleSystems/PSysThumbnail_NoImage.uasset" 388
"../../../Engine/Content/EditorMaterials/ParticleSystems/PSysThumbnail_OOD.uasset" 389
"../../../Engine/Content/EditorLandscapeResources/DataLayer.uasset" 390
"../../../Engine/Content/EngineDamageTypes/DmgTypeBP_Environmental.uasset" 391
"..\..\..\Engine\Content\Internationalization\icudt53l\numberingSystems.res" 392
"..\..\..\Engine\Content\Internationalization\icudt53l\curr\supplementalData.res" 393
"..\..\..\Engine\Content\Internationalization\icudt53l\curr\pool.res" 394
"..\..\..\Engine\Content\Internationalization\icudt53l\curr\en.res" 395
"..\..\..\Engine\Content\Internationalization\icudt53l\curr\root.res" 396
"../../../Engine/Content/EngineMeshes/Sphere.uasset" 397
"../../../Engine/Content/EngineFonts/RobotoDistanceField.uasset" 398
"../../../Engine/Content/EngineMaterials/DefaultTextMaterialOpaque.uasset" 399
"../../../Engine/Content/EditorResources/S_Trigger.uasset" 400
"../../../Engine/Content/EngineResources/GradientTexture0.uasset" 401
"../../../Engine/Content/EngineResources/Black.uasset" 402
"../../../Engine/Content/EditorMaterials/MatineeGroups/MAT_Groups_Float.uasset" 403
"../../../Engine/Content/EditorMaterials/MatineeGroups/MAT_Groups_Director.uasset" 404
"../../../Engine/Content/EditorMaterials/MatineeGroups/MAT_Groups_Event.uasset" 405
"../../../Engine/Content/EditorMaterials/MatineeGroups/MAT_Groups_Anim.uasset" 406
"../../../Engine/Content/EditorMaterials/MatineeGroups/MAT_Groups_Fade.uasset" 407
"../../../Engine/Content/EditorMaterials/MatineeGroups/MAT_Groups_Move.uasset" 408
"../../../Engine/Content/EditorMaterials/MatineeGroups/MAT_Groups_Slomo.uasset" 409
"../../../Engine/Content/EditorMaterials/MatineeGroups/MAT_ColorTrack.uasset" 410
"../../../Engine/Content/EditorMaterials/MAT_Groups_Toggle.uasset" 411
"../../../Engine/Content/EditorMaterials/MatineeGroups/MAT_Groups_AudioMaster.uasset" 412
"../../../Engine/Content/EditorMaterials/MatineeGroups/MAT_Groups_Sound.uasset" 413
"../../../Engine/Content/EditorMaterials/MatineeGroups/MAT_Groups_Vector.uasset" 414
"../../../Engine/Content/EditorMaterials/MAT_Groups_Visibility.uasset" 415
"../../../Engine/Content/EngineResources/DefaultTextureCube.uasset" 416
"../../../Engine/Content/EngineSounds/Master.uasset" 417
"../../../Engine/Content/EngineSounds/Music.uasset" 418
"../../../Engine/Content/EngineSounds/SFX.uasset" 419
"../../../Engine/Content/EngineSounds/Normal_Attack.uasset" 420
"../../../Engine/Content/EngineSounds/Special_Attack_PSM.uasset" 421
"../../../Engine/Content/EngineSounds/Duck_Normal_Attack_MixMod.uasset" 422
"../../../Engine/Content/EngineSounds/Voice.uasset" 423
"../../../Engine/Content/EngineMeshes/Cylinder.uasset" 424
"../../../Engine/Content/EngineMaterials/DefaultMaterial.uasset" 425
"../../../Engine/Content/EngineTireTypes/DefaultTireType.uasset" 426
"../../../Engine/Content/Editor/Slate/Fonts/FontAwesome.ttf" 427
"../../../Engine/Content/Editor/Slate/Fonts/DroidSansMono.ttf" 428
"../../../Engine/Content/Editor/Slate/Fonts/Roboto-BoldCondensed.ttf" 429
"../../../Engine/Content/Editor/Slate/Fonts/Roboto-Black.ttf" 430
"../../../Engine/Content/Editor/Slate/Fonts/Roboto-Italic.ttf" 431
"../../../Engine/Content/Editor/Slate/Fonts/Roboto-BoldCondensedItalic.ttf" 432
"..\..\..\Engine\Content\Internationalization\icudt53l\coll\ucadata.icu" 433
"..\..\..\Engine\Content\Internationalization\icudt53l\nfc.nrm" 434
"..\..\..\Engine\Content\Internationalization\icudt53l\coll\en_US.res" 435
"..\..\..\Engine\Content\Internationalization\icudt53l\coll\en.res" 436
"..\..\..\Engine\Content\Internationalization\icudt53l\coll\root.res" 437
"../../../Engine/Content/EngineResources/AICON-Red.uasset" 438
"../../../Engine/Content/EngineResources/AICON-Green.uasset" 439
"../../../Engine/Content/Tutorial/Basics/LevelEditorAttract.uasset" 440
"../../../Engine/Content/Tutorial/ContentIntroCurve.uasset" 441
"../../../Engine/Plugins/2D/Paper2D/Content/MaskedUnlitSpriteMaterial.uasset" 442
"../../../Engine/Plugins/2D/Paper2D/Content/DefaultSpriteMaterial.uasset" 443
"../../../Engine/Plugins/2D/Paper2D/Content/PlaceholderTextures/DummySpriteTexture.uasset" 444
"../../../Engine/Plugins/2D/Paper2D/Content/OpaqueUnlitSpriteMaterial.uasset" 445
"../../../Engine/Plugins/2D/Paper2D/Content/DefaultPaperTerrainMaterial.uasset" 446
"../../../Engine/Plugins/2D/Paper2D/Content/DummySprite.uasset" 447
"../../../Engine/Plugins/2D/Paper2D/Content/DummySpriteTexture.uasset" 448
"C:/Users/Jeffry/AppData/Local/UnrealEngine/4.10/Saved/Config/Windows/SourceControlSettings.ini" 449
"../../../../../Users/Jeffry/Documents/Unreal Projects/DTF/Intermediate/Config/CoalescedSourceConfigs/SourceControlSettings.ini" 450
"C:/Users/Jeffry/Documents/Unreal Projects/DTF/Saved/Config/Windows/SourceControlSettings.ini" 451
"../../../Engine/Plugins/Runtime/LeapMotionController/Content/LM_CapsuleMesh.uasset" 452
"../../../Engine/Plugins/Runtime/LeapMotionController/Content/LM_TorusMesh.uasset" 453
"../../../Engine/Plugins/Runtime/LeapMotionController/Content/LM_HandColor.uasset" 454
"../../../Engine/Plugins/Runtime/LeapMotionController/Content/LM_PassthroughMaterial.uasset" 455
"../../../Engine/Plugins/Runtime/LeapMotionController/Content/LM_SampleDistortion.uasset" 456
"../../../Engine/Plugins/Runtime/LeapMotionController/Content/LM_TestTexture.uasset" 457
"../../../Engine/Content/BasicShapes/Cube.uasset" 458
"../../../Engine/Content/EngineMaterials/RemoveSurfaceMaterial.uasset" 459
"../../../Engine/Content/EngineDebugMaterials/DebugMeshMaterial.uasset" 460
"../../../Engine/Content/EngineMaterials/M_InvalidLightmapSettings.uasset" 461
"../../../Engine/Content/EngineMaterials/InvalidLightmapSettings.uasset" 462
"../../../Engine/Content/EditorMaterials/GizmoMaterial.uasset" 463
"../../../Engine/Content/EngineMaterials/Good64x64TilingNoiseHighFreq.uasset" 464
"../../../Engine/Content/EngineMaterials/DefaultBokeh.uasset" 465
"../../../Engine/Content/EngineMaterials/PreintegratedSkinBRDF.uasset" 466
"../../../Engine/Content/EngineMaterials/MiniFont.uasset" 467
"../../../Engine/Content/EngineMaterials/WeightMapPlaceholderTexture.uasset" 468
"../../../Engine/Content/EngineMaterials/DefaultWhiteGrid.uasset" 469
"../../../Engine/Content/EngineMaterials/DefaultPhysicalMaterial.uasset" 470
"../../../Engine/Content/EngineFonts/RobotoTiny.uasset" 471
"../../../../../Users/Jeffry/Documents/Unreal Projects/DTF/Intermediate/CachedAssetRegistry.bin" 472
"../../../../../Users/Jeffry/Documents/Unreal Projects/DTF/Content/Levels/DTFTwoPlayer.umap" 473
"../../../../../Users/Jeffry/Documents/Unreal Projects/DTF/Saved/Autosaves/Game/Blueprints/DTFCharacter_Auto1.uasset" 474
"../../../../../Users/Jeffry/Documents/Unreal Projects/DTF/Saved/Autosaves/Game/Blueprints/DTFGameMode_Auto2.uasset" 475
"../../../../../Users/Jeffry/Documents/Unreal Projects/DTF/Saved/Autosaves/Game/BPChatSystem/Blueprints/Chat_FL_Auto2.uasset" 476
"../../../../../Users/Jeffry/Documents/Unreal Projects/DTF/Saved/Autosaves/Game/BPChatSystem/Blueprints/Chat_System_Auto2.uasset" 477
"../../../../../Users/Jeffry/Documents/Unreal Projects/DTF/Saved/Autosaves/Game/BPChatSystem/Blueprints/DTFGameInstance_Auto1.uasset" 478
"../../../../../Users/Jeffry/Documents/Unreal Projects/DTF/Saved/Autosaves/Temp/Untitled_1_Auto2.umap" 479
"../../../../../Users/Jeffry/Documents/Unreal Projects/DTF/Saved/Autosaves/Temp/Untitled_1_Auto3.umap" 480
"../../../Engine/Config/HTML5/HTML5Engine.ini" 481
"../../../Engine/Content/MobileResources/HUD/VirtualJoystick_Thumb.uasset" 482
"../../../../../Users/Jeffry/Documents/Unreal Projects/DTF/Content/Blueprints/DTFGameInstance.uasset" 483
"../../../../../Users/Jeffry/Documents/Unreal Projects/DTF/Content/BPChatSystem/Blueprints/Chat_System.uasset" 484
"../../../../../Users/Jeffry/Documents/Unreal Projects/DTF/Content/BPChatSystem/Blueprints/Enums/Tab_Direction.uasset" 485
"../../../../../Users/Jeffry/Documents/Unreal Projects/DTF/Content/BPChatSystem/Blueprints/Enums/Command_Returns.uasset" 486
"../../../../../Users/Jeffry/Documents/Unreal Projects/DTF/Content/Blueprints/DTFHUD.uasset" 487
"../../../../../Users/Jeffry/Documents/Unreal Projects/DTF/Content/BPChatSystem/Blueprints/Chat_MainWidget.uasset" 488
"../../../Engine/Content/EditorBlueprintResources/StandardMacros.uasset" 489
"../../../../../Users/Jeffry/Documents/Unreal Projects/DTF/Content/BPChatSystem/Blueprints/ComponentWidgets/Chat_DialogBox.uasset" 490
"../../../../../Users/Jeffry/Documents/Unreal Projects/DTF/Content/BPChatSystem/Blueprints/ComponentWidgets/Chat_Message.uasset" 491
"../../../../../Users/Jeffry/Documents/Unreal Projects/DTF/Content/BPChatSystem/Blueprints/ComponentWidgets/Chat_Tab.uasset" 492
"../../../../../Users/Jeffry/Documents/Unreal Projects/DTF/Content/BPChatSystem/Blueprints/HUD_Widget.uasset" 493
"../../../Engine/Content/EditorBlueprintResources/ActorMacros.uasset" 494
"../../../../../Users/Jeffry/Documents/Unreal Projects/DTF/Content/BPChatSystem/Blueprints/Chat_FL.uasset" 495
"../../../../../Users/Jeffry/Documents/Unreal Projects/DTF/Content/BPChatSystem/Blueprints/Chat_GameInstance.uasset" 496
"../../../../../Users/Jeffry/Documents/Unreal Projects/DTF/Content/Blueprints/DTFGameMode.uasset" 497
"../../../../../Users/Jeffry/Documents/Unreal Projects/DTF/Content/Blueprints/DTFCharacter.uasset" 498
"../../../../../Users/Jeffry/Documents/Unreal Projects/DTF/Content/Blueprints/DTFPlayerController.uasset" 499
"../../../Engine/Content/EditorResources/BSPVertex.uasset" 500
"../../../Engine/Content/EngineDebugMaterials/GeomMaterial.uasset" 501
"../../../Engine/Content/EngineDebugMaterials/BoneWeightMaterial.uasset" 502
"../../../Engine/Content/EngineDebugMaterials/HeatmapGradient.uasset" 503
"../../../Engine/Content/EditorMaterials/PhAT_JointLimitMaterial.uasset" 504
"../../../Engine/Content/EditorMaterials/PreviewShadowIndicatorMaterial.uasset" 505
"../../../Engine/Content/EditorMaterials/PreviewShadowIndicator.uasset" 506
"../../../Engine/Content/EngineMaterials/EditorBrushMaterial.uasset" 507
"../../../Engine/Content/EditorMeshes/ColorCalibrator/SM_ColorCalibrator.uasset" 508
"../../../Engine/Content/EditorMeshes/ColorCalibrator/M_ChromeBall.uasset" 509
"../../../Engine/Content/EditorMeshes/ColorCalibrator/M_ClearCoat.uasset" 510
"../../../Engine/Content/EditorMeshes/ColorCalibrator/M_ClearCoatBlack.uasset" 511
"../../../Engine/Content/EditorMeshes/ColorCalibrator/M_ColorGrid.uasset" 512
"../../../Engine/Content/EditorMeshes/ColorCalibrator/T_ColorGrid.uasset" 513
"../../../Engine/Content/EditorMeshes/ColorCalibrator/M_GreyBall.uasset" 514
"../../../Engine/Content/MobileResources/HUD/DefaultVirtualJoysticks.uasset" 515
"../../../Engine/Content/MobileResources/HUD/VirtualJoystick_Background.uasset" 516
"../../../Engine/Content/Tutorial/BlueprintTutorials/TutorialAssets/Blueprint_64x.uasset" 517
"../../../Engine/Content/Tutorial/SubEditors/TutorialAssets/icon_Editor_Preferences_General_40x.uasset" 518
"../../../Engine/Content/Tutorial/Paper2D/TutorialAssets/Paper2DSprite_TutorialIcon.uasset" 519
"../../../Engine/Content/Tutorial/SubEditors/TutorialAssets/icon_ShowSkeletalMeshes_40x.uasset" 520
"../../../Engine/Content/Tutorial/Landscape/TutorialAssets/Landscape.uasset" 521
"../../../Engine/Content/Tutorial/Foliage/TutorialAssets/Foliage.uasset" 522
"../../../Engine/Content/Tutorial/SubEditors/StaticMeshEditorTutorial.uasset" 523
"../../../Engine/Content/EngineMeshes/Cube.uasset" 524
"../../../Engine/Content/Tutorial/Basics/LevelEditorOverview.uasset" 525
"../../../Engine/Content/Tutorial/Basics/TutorialAssets/icon_tab_Levels_40x.uasset" 526
"../../../Engine/Content/Tutorial/BlueprintTutorials/BlueprintEditorTutorial.uasset" 527
"../../../Engine/Content/Tutorial/BlueprintTutorials/BlueprintMacroLibrariesEditorOverview.uasset" 528
"../../../Engine/Content/Tutorial/BlueprintTutorials/TutorialAssets/BlueprintMacroLibrary_64x.uasset" 529
"../../../Engine/Content/Tutorial/BlueprintTutorials/TutorialAssets/Tutorial_BP_MacroLib.uasset" 530
"../../../Engine/Content/Tutorial/BlueprintTutorials/BlueprintInterfacesEditorOverview.uasset" 531
"../../../Engine/Content/Tutorial/BlueprintTutorials/TutorialAssets/BlueprintInterface_64x.uasset" 532
"../../../Engine/Content/Tutorial/BlueprintTutorials/TutorialAssets/Tutorial_BP_Interface.uasset" 533
"../../../Engine/Content/Tutorial/BlueprintTutorials/LevelBlueprintEditorOverview.uasset" 534
"../../../Engine/Content/Tutorial/SubEditors/DestructibleMeshEditorTutorial.uasset" 535
"../../../Engine/Content/Tutorial/SubEditors/TutorialAssets/Tutorial_DM.uasset" 536
"../../../Engine/Content/EditorMeshes/EditorCube.uasset" 537
"../../../Engine/Content/Tutorial/SubEditors/MaterialEditorTutorial.uasset" 538
"../../../Engine/Content/Tutorial/SubEditors/TutorialAssets/TutorialMaterial.uasset" 539
"../../../Engine/Content/Tutorial/SubEditors/ParticleSystemEditorTutorial.uasset" 540
"../../../Engine/Content/Tutorial/SubEditors/TutorialAssets/TutorialParticleSystem.uasset" 541
"../../../Engine/Content/Tutorial/SubEditors/TutorialAssets/M_smoke_subUV_blackbody.uasset" 542
"../../../Engine/Content/Tutorial/SubEditors/TutorialAssets/T_SmokeSubUV_8X8.uasset" 543
"../../../Engine/Content/Tutorial/SubEditors/TutorialAssets/T_soft_smoke.uasset" 544
"../../../Engine/Content/Tutorial/SubEditors/PersonaAnimEditorWalkThrough.uasset" 545
"../../../Engine/Content/Tutorial/SubEditors/TutorialAssets/Character/NewBlendSpace1D.uasset" 546
"../../../Engine/Content/Tutorial/SubEditors/TutorialAssets/Character/Tutorial_Idle.uasset" 547
"../../../Engine/Content/Tutorial/SubEditors/TutorialAssets/Character/TutorialTPP_Skeleton.uasset" 548
"../../../Engine/Content/Tutorial/SubEditors/TutorialAssets/Character/Tutorial_Walk_Fwd.uasset" 549
"../../../Engine/Content/Tutorial/SubEditors/TutorialAssets/Character/TutorialTPP.uasset" 550
"../../../Engine/Content/Tutorial/SubEditors/TutorialAssets/Character/TutorialTPP_Mat.uasset" 551
"../../../Engine/Content/Tutorial/SubEditors/TutorialAssets/Character/TutorialTPP_PhysicsAsset.uasset" 552
"../../../Engine/Content/Tutorial/SubEditors/PersonaAnimBlueprintEditorWalkthrough.uasset" 553
"../../../Engine/Content/Tutorial/SubEditors/TutorialAssets/Character/TutorialTPP_AnimBlueprint.uasset" 554
"../../../Engine/Content/Tutorial/SubEditors/TutorialAssets/Character/TutorialCharacter.uasset" 555
"../../../Engine/Content/Tutorial/Paper2D/SpriteEditorTutorial.uasset" 556
"../../../Engine/Content/Tutorial/Paper2D/FlipbookEditorTutorial.uasset" 557
"../../../Engine/Content/Tutorial/Paper2D/TutorialAssets/Paper2DFlipbook_TutorialIcon.uasset" 558
"../../../Engine/Content/Tutorial/Landscape/Landscape_Manage_Mode.uasset" 559
"../../../Engine/Content/Tutorial/Landscape/Landscape_Sculpt_Mode.uasset" 560
"../../../Engine/Content/Tutorial/Landscape/Landscape_Painting_Mode.uasset" 561
"../../../Engine/Content/Tutorial/Foliage/Foliage_Intro_Tutorial.uasset" 562
"../../../Engine/Content/Tutorial/Foliage/Foliage_Using_The_Tool_Tutorial.uasset" 563
"../../../Engine/Content/Tutorial/Foliage/Foliage_Settings_Tutorial.uasset" 564
"../../../Engine/Content/MobileResources/HUD/MobileHUDDirectionPad3.uasset" 565
"../../../Engine/Content/MobileResources/HUD/MobileHUDButton2_on.uasset" 566
"../../../Engine/Content/MobileResources/HUD/MobileHUDButton1_on.uasset" 567
"../../../Engine/Content/MobileResources/HUD/MobileHUDButton1_off.uasset" 568
"../../../Engine/Content/MobileResources/HUD/AnalogHat.uasset" 569
"../../../Engine/Content/Maps/Entry.umap" 570
"../../../Engine/Content/EngineMaterials/DefaultNormal.uasset" 571
"../../../Engine/Content/BasicShapes/BasicShapeMaterial.uasset" 572
"../../../../../Users/Jeffry/Documents/Unreal Projects/DTF/Content/Levels/Floor.uasset" 573
"../../../../../Users/Jeffry/Documents/Unreal Projects/DTF/Content/Outliner/PPI_OutlineColored.uasset" 574
"../../../../../Users/Jeffry/Documents/Unreal Projects/DTF/Content/Outliner/PP_OutlineColored.uasset" 575
"C:/Users/Jeffry/AppData/Local/UnrealEngine/Common/DerivedDataCache/1/2/5/PHYSX_1D9C17C451EA4FB88CB7A27536A65DB0_PHYSXPC_FCB3D1C8437DE3C1B618E4B4D9ED49AB__1_0_13123_0.udd" 576
"C:/Users/Jeffry/AppData/Local/UnrealEngine/Common/DerivedDataCache/6/0/4/MATSM_984AFA3849534FAA8491540B994BD32E_PCD3D_SM5_3__BC5N_DEV_SL_NODBUF706C477D__D028A515CD17F5FEF8C14A4599B61E9BD2950831.udd" 577
"C:/Users/Jeffry/AppData/Local/UnrealEngine/Common/DerivedDataCache/1/5/0/MATSM_984AFA3849534FAA8491540B994BD32E_PCD3D_SM5_3__BC5N_DEV_SL_NODBUFD1ACA8C2__832FE878EF9739FFD5C18279960A3443F74D3C54.udd" 578
"C:/Users/Jeffry/AppData/Local/UnrealEngine/Common/DerivedDataCache/5/1/9/MATSM_984AFA3849534FAA8491540B994BD32E_PCD3D_SM4_3__BC5N_DEV_SL_NODBUFD1ACA8C2__9A5EACFF415311FD9DAFDA2E3151A65D262D6248.udd" 579
"C:/Users/Jeffry/AppData/Local/UnrealEngine/Common/DerivedDataCache/0/8/4/TEXTURE_814DCC3DC72143F49509781513CB9855_AUTODXT_001471724CDFA1C52E11BBBADCA9A__15552A9502E4A8A6BB1597C3A83EC65AEA9DF028.udd" 580
"C:/Users/Jeffry/AppData/Local/UnrealEngine/Common/DerivedDataCache/2/1/6/TEXTURE_814DCC3DC72143F49509781513CB9855_AUTODXT_920B59E2403E0E1603B8548DA07A7__565D4C25FAD679A6AE58E85EED514513E2CF0487.udd" 581
"C:/Users/Jeffry/AppData/Local/UnrealEngine/Common/DerivedDataCache/7/0/6/TEXTURE_814DCC3DC72143F49509781513CB9855_AUTODXT_CF46FB9B437FE372CD2A778FF9F58__E329BFD51F52D5B05C4C40460E4F428859DF0CB0.udd" 582
"C:/Users/Jeffry/AppData/Local/UnrealEngine/Common/DerivedDataCache/7/0/2/TEXTURE_814DCC3DC72143F49509781513CB9855_AUTODXT_001471724CDFA1C52E11BBBADCA9A__DBC1FCC2F7A57950F599E9D6DF64D86E61780149.udd" 583
"C:/Users/Jeffry/AppData/Local/UnrealEngine/Common/DerivedDataCache/7/1/2/TEXTURE_814DCC3DC72143F49509781513CB9855_AUTODXT_920B59E2403E0E1603B8548DA07A7__8B4C8A6ED989F9AEEF9709BD282EE51B21BCD810.udd" 584
"C:/Users/Jeffry/AppData/Local/UnrealEngine/Common/DerivedDataCache/5/6/0/TEXTURE_814DCC3DC72143F49509781513CB9855_AUTODXT_CF46FB9B437FE372CD2A778FF9F58__278CBCE02C3B86259A68FA2E1578DCB69B522132.udd" 585
"C:/Users/Jeffry/AppData/Local/UnrealEngine/Common/DerivedDataCache/3/3/3/TEXTURE_814DCC3DC72143F49509781513CB9855_AUTODXT_05FD784849EFA7DDB69A01A5C6D71__AD660E77ADCEA394C351F06C66EED361B928B557.udd" 586
"C:/Users/Jeffry/AppData/Local/UnrealEngine/Common/DerivedDataCache/9/1/2/TEXTURE_814DCC3DC72143F49509781513CB9855_DXT1_60622D044A752F571BB04CAE04271A14__3ADF3553604FE1100A5FA0D1266F9DD9D101A0BD.udd" 587
"C:/Users/Jeffry/AppData/Local/UnrealEngine/Common/DerivedDataCache/3/2/1/TEXTURE_814DCC3DC72143F49509781513CB9855_DXT1_253252DC43680995FF1C4D85DE8FC354__6049A3E520A73CECF3F670AF409784668ECE5D99.udd" 588
"C:/Users/Jeffry/AppData/Local/UnrealEngine/Common/DerivedDataCache/9/4/0/TEXTURE_814DCC3DC72143F49509781513CB9855_AUTODXT_05FD784849EFA7DDB69A01A5C6D71__694D558A63F651ECC17D73BF1AA0D237A2310F1C.udd" 589
"C:/Users/Jeffry/AppData/Local/UnrealEngine/Common/DerivedDataCache/8/7/5/TEXTURE_814DCC3DC72143F49509781513CB9855_DXT1_60622D044A752F571BB04CAE04271A14__CBA5E2CAD35D1C86CAB0DC0D6310BF0EB6EA6E12.udd" 590
"C:/Users/Jeffry/AppData/Local/UnrealEngine/Common/DerivedDataCache/9/5/3/TEXTURE_814DCC3DC72143F49509781513CB9855_DXT1_253252DC43680995FF1C4D85DE8FC354__07A5DBA1B304D6C40EF0C3CABF88644F9B190E94.udd" 591
"C:/Users/Jeffry/AppData/Local/UnrealEngine/Common/DerivedDataCache/5/8/7/TEXTURE_814DCC3DC72143F49509781513CB9855_G8_407BDA9D4103BEF83E9F9A96BABCBA3D_0__99F482A55A99CF7C5B948FE7AE9F3E12FF08B386.udd" 592
"C:/Users/Jeffry/AppData/Local/UnrealEngine/Common/DerivedDataCache/6/3/8/TEXTURE_814DCC3DC72143F49509781513CB9855_G8_E372175E44755F77FC1EE5BC0C7D35E4_0__A93DA6EB9D94F304C0A2386D87B36F297A3EF7F5.udd" 593
"C:/Users/Jeffry/AppData/Local/UnrealEngine/Common/DerivedDataCache/2/8/4/TEXTURE_814DCC3DC72143F49509781513CB9855_G8_5B27E15B4E62D3169A7B62B1CE067983_0__F49DB7B38AAEE2F6218E2BEF1DF0C9700BF46B10.udd" 594
"C:/Users/Jeffry/AppData/Local/UnrealEngine/Common/DerivedDataCache/5/1/7/TEXTURE_814DCC3DC72143F49509781513CB9855_G8_407BDA9D4103BEF83E9F9A96BABCBA3D_0__F99BD45BE75678456D26EC95B515A12AC987A7EE.udd" 595
"C:/Users/Jeffry/AppData/Local/UnrealEngine/Common/DerivedDataCache/3/5/2/TEXTURE_814DCC3DC72143F49509781513CB9855_G8_E372175E44755F77FC1EE5BC0C7D35E4_0__E36E3B178613E1D99526B293A1C8DBC608B68E14.udd" 596
"C:/Users/Jeffry/AppData/Local/UnrealEngine/Common/DerivedDataCache/8/8/0/TEXTURE_814DCC3DC72143F49509781513CB9855_G8_5B27E15B4E62D3169A7B62B1CE067983_0__699F24D836334F6C8517E02C7AD374617ADAC3FD.udd" 597
"C:/Users/Jeffry/AppData/Local/UnrealEngine/Common/DerivedDataCache/9/2/5/TEXTURE_814DCC3DC72143F49509781513CB9855_G8_B1DA26AE4B7D2FEBFE84939481DE70A6_0__A21B51E15A64B29F77DFA0416C1281DBFE5795EC.udd" 598
"C:/Users/Jeffry/AppData/Local/UnrealEngine/Common/DerivedDataCache/6/4/0/TEXTURE_814DCC3DC72143F49509781513CB9855_G8_B1DA26AE4B7D2FEBFE84939481DE70A6_0__496CC3F31F2B6C96E3FC474FB3846AC1F59B004E.udd" 599
"../../../Engine/Content/EditorResources/EmptyActor.uasset" 600
"C:/Users/Jeffry/AppData/Local/Temp/UnrealShaderWorkingDir/F96AB0684C63F61B435D34B1AAC43F4A/2/WorkerOutputOnly.out" 601
"C:/Users/Jeffry/AppData/Local/Temp/UnrealShaderWorkingDir/F96AB0684C63F61B435D34B1AAC43F4A/1/WorkerOutputOnly.out" 602
"C:/Users/Jeffry/AppData/Local/Temp/UnrealShaderWorkingDir/F96AB0684C63F61B435D34B1AAC43F4A/0/WorkerOutputOnly.out" 603
"../../../../../Users/Jeffry/Documents/Unreal Projects/DTF/Content/DTFTwoPlayer.uasset" 604
"../../../Engine/Content/MobileResources/HUD/MobileHUDButton2_off.uasset" 605
"../../../Engine/Content/MobileResources/T_MobileMenu2.uasset" 606
"../../../../../Users/Jeffry/Documents/Unreal Projects/DTF/Content/BPChatSystem/Blueprints/DTFGameInstance.uasset" 607
"../../../../../Users/Jeffry/Documents/Unreal Projects/DTF/Content/BPChatSystem/Blueprints/Demo_Character.uasset" 608
"../../../Engine/Content/MobileResources/HUD/T_Castle_ThumbstickOutter.uasset" 609
"../../../Engine/Content/MobileResources/HUD/MobileHUDDirectionPad2.uasset" 610
"../../../Engine/Content/MobileResources/HUD/MobileHUDButtonFire.uasset" 611
"../../../Engine/Content/MobileResources/HUD/LeftVirtualJoystickOnly.uasset" 612
"../../../Engine/Content/MobileResources/T_MobileControls_texture.uasset" 613
"../../../Engine/Content/MobileResources/HUD/T_Castle_ThumbstickInner.uasset" 614
"../../../Engine/Content/MobileResources/HUD/MobileHUDDirectionPad.uasset" 615
"../../../../../Users/Jeffry/Documents/Unreal Projects/DTF/Content/BPChatSystem/Demo_Content/DTFCharacter.uasset" 616
"../../../Engine/Content/MobileResources/HUD/MobileHUDDirectionStick.uasset" 617
"../../../Engine/Content/MobileResources/HUD/MobileHUDButton3.uasset" 618
"..\..\..\Engine\Content\Internationalization\icudt53l\windowsZones.res" 619
"..\..\..\Engine\Content\Internationalization\icudt53l\zoneinfo64.res" 620
"..\..\..\Engine\Content\Internationalization\icudt53l\keyTypeData.res" 621
"..\..\..\Engine\Content\Internationalization\icudt53l\timezoneTypes.res" 622
"..\..\..\Engine\Content\Internationalization\icudt53l\supplementalData.res" 623
"..\..\..\Engine\Content\Internationalization\icudt53l\likelySubtags.res" 624
